Determining if the include file pthread.h exists failed with the following output:
Change Dir: D:/datorgrafik/Eda221/build/assimp/build/test/gtest/src/gtest-build/CMakeFiles/CMakeTmp

Run Build Command:"C:/Program Files (x86)/MSBuild/14.0/bin/MSBuild.exe" "cmTC_acb5b.vcxproj" "/p:Configuration=Debug" "/p:VisualStudioVersion=14.0"
Microsoft (R) Build Engine version 14.0.25420.1
Copyright (C) Microsoft Corporation. All rights reserved.

Build started 2016-09-11 12:25:10.
Project "D:\datorgrafik\Eda221\build\assimp\build\test\gtest\src\gtest-build\CMakeFiles\CMakeTmp\cmTC_acb5b.vcxproj" on node 1 (default targets).
PrepareForBuild:
  Creating directory "cmTC_acb5b.dir\Debug\".
  Creating directory "D:\datorgrafik\Eda221\build\assimp\build\test\gtest\src\gtest-build\CMakeFiles\CMakeTmp\Debug\".
  Creating directory "cmTC_acb5b.dir\Debug\cmTC_acb5b.tlog\".
InitializeBuildStatus:
  Creating "cmTC_acb5b.dir\Debug\cmTC_acb5b.tlog\unsuccessfulbuild" because "AlwaysCreate" was specified.
ClCompile:
  D:\Program (x86)\Microsoft Visual Studio 14.0\VC\bin\x86_amd64\CL.exe /c /Zi /W3 /WX- /Od /Ob0 /D WIN32 /D _WINDOWS /D _DEBUG /D "CMAKE_INTDIR=\"Debug\"" /D _MBCS /Gm- /RTC1 /MDd /GS /fp:precise /Zc:wchar_t /Zc:forScope /Zc:inline /Fo"cmTC_acb5b.dir\Debug\\" /Fd"cmTC_acb5b.dir\Debug\vc140.pdb" /Gd /TC /errorReport:queue "D:\datorgrafik\Eda221\build\assimp\build\test\gtest\src\gtest-build\CMakeFiles\CMakeTmp\CheckIncludeFile.c"
  Microsoft (R) C/C++ Optimizing Compiler Version 19.00.24213.1 for x64
  Copyright (C) Microsoft Corporation.  All rights reserved.
  
  cl /c /Zi /W3 /WX- /Od /Ob0 /D WIN32 /D _WINDOWS /D _DEBUG /D "CMAKE_INTDIR=\"Debug\"" /D _MBCS /Gm- /RTC1 /MDd /GS /fp:precise /Zc:wchar_t /Zc:forScope /Zc:inline /Fo"cmTC_acb5b.dir\Debug\\" /Fd"cmTC_acb5b.dir\Debug\vc140.pdb" /Gd /TC /errorReport:queue "D:\datorgrafik\Eda221\build\assimp\build\test\gtest\src\gtest-build\CMakeFiles\CMakeTmp\CheckIncludeFile.c"
  
  CheckIncludeFile.c
D:\datorgrafik\Eda221\build\assimp\build\test\gtest\src\gtest-build\CMakeFiles\CMakeTmp\CheckIncludeFile.c(1): fatal error C1083: Cannot open include file: 'pthread.h': No such file or directory [D:\datorgrafik\Eda221\build\assimp\build\test\gtest\src\gtest-build\CMakeFiles\CMakeTmp\cmTC_acb5b.vcxproj]
Done Building Project "D:\datorgrafik\Eda221\build\assimp\build\test\gtest\src\gtest-build\CMakeFiles\CMakeTmp\cmTC_acb5b.vcxproj" (default targets) -- FAILED.

Build FAILED.

"D:\datorgrafik\Eda221\build\assimp\build\test\gtest\src\gtest-build\CMakeFiles\CMakeTmp\cmTC_acb5b.vcxproj" (default target) (1) ->
(ClCompile target) -> 
  D:\datorgrafik\Eda221\build\assimp\build\test\gtest\src\gtest-build\CMakeFiles\CMakeTmp\CheckIncludeFile.c(1): fatal error C1083: Cannot open include file: 'pthread.h': No such file or directory [D:\datorgrafik\Eda221\build\assimp\build\test\gtest\src\gtest-build\CMakeFiles\CMakeTmp\cmTC_acb5b.vcxproj]

    0 Warning(s)
    1 Error(s)

Time Elapsed 00:00:00.39


